TN:
SF:/home/web/WebstormProjects/tecdoc-api/lib/client.js
FN:29,(anonymous_0)
FN:42,(anonymous_1)
FN:65,(anonymous_2)
FN:69,(anonymous_3)
FN:73,(anonymous_4)
FN:86,(anonymous_5)
FN:101,(anonymous_6)
FN:114,(anonymous_7)
FN:127,(anonymous_8)
FN:140,(anonymous_9)
FN:153,(anonymous_10)
FN:167,(anonymous_11)
FN:195,(anonymous_12)
FNF:13
FNH:13
FNDA:4,(anonymous_0)
FNDA:4,(anonymous_1)
FNDA:7,(anonymous_2)
FNDA:7,(anonymous_3)
FNDA:7,(anonymous_4)
FNDA:7,(anonymous_5)
FNDA:1,(anonymous_6)
FNDA:1,(anonymous_7)
FNDA:1,(anonymous_8)
FNDA:1,(anonymous_9)
FNDA:1,(anonymous_10)
FNDA:1,(anonymous_11)
FNDA:1,(anonymous_12)
DA:3,1
DA:4,1
DA:5,1
DA:6,1
DA:7,1
DA:30,4
DA:31,4
DA:44,4
DA:49,4
DA:54,4
DA:67,7
DA:69,7
DA:73,7
DA:88,7
DA:89,0
DA:91,7
DA:103,1
DA:104,1
DA:116,1
DA:117,1
DA:129,1
DA:130,1
DA:142,1
DA:143,1
DA:155,1
DA:156,1
DA:169,1
DA:170,1
DA:172,1
DA:173,1
DA:180,1
DA:181,1
DA:183,0
DA:197,1
DA:198,1
DA:200,1
DA:201,1
DA:209,1
DA:210,1
DA:212,0
DA:221,1
LF:41
LH:38
BRDA:73,0,0,7
BRDA:73,0,1,0
BRDA:73,1,0,7
BRDA:73,1,1,7
BRDA:88,2,0,0
BRDA:88,2,1,7
BRF:6
BRH:4
end_of_record
TN:
SF:/home/web/WebstormProjects/tecdoc-api/lib/exception.js
FN:10,RequestError
FN:23,ClientError
FN:35,InputFilterError
FNF:3
FNH:0
FNDA:0,RequestError
FNDA:0,ClientError
FNDA:0,InputFilterError
DA:1,1
DA:12,0
DA:13,0
DA:25,0
DA:26,0
DA:37,0
DA:38,0
DA:42,1
DA:43,1
DA:44,1
DA:46,1
DA:47,1
DA:48,1
DA:50,1
LF:14
LH:8
BRDA:23,0,0,0
BRF:1
BRH:0
end_of_record
TN:
SF:/home/web/WebstormProjects/tecdoc-api/lib/input.js
FN:13,(anonymous_0)
FN:18,(anonymous_1)
FNF:2
FNH:2
FNDA:2,(anonymous_0)
FNDA:11,(anonymous_1)
DA:1,1
DA:2,1
DA:3,1
DA:15,2
DA:16,2
DA:18,2
DA:19,11
DA:20,11
DA:21,11
DA:22,16
DA:23,11
DA:28,2
DA:31,0
DA:36,1
LF:14
LH:13
BRDA:22,0,0,11
BRDA:22,0,1,5
BRF:2
BRH:2
end_of_record
TN:
SF:/home/web/WebstormProjects/tecdoc-api/lib/mixins/car.js
FN:13,(anonymous_0)
FN:24,(anonymous_1)
FN:40,(anonymous_2)
FNF:3
FNH:3
FNDA:2,(anonymous_0)
FNDA:1,(anonymous_1)
FNDA:1,(anonymous_2)
DA:14,2
DA:26,1
DA:29,1
DA:30,1
DA:41,1
DA:44,1
DA:45,1
DA:53,1
LF:8
LH:8
BRF:0
BRH:0
end_of_record
TN:
SF:/home/web/WebstormProjects/tecdoc-api/lib/mixins/index.js
FNF:0
FNH:0
DA:1,1
LF:1
LH:1
BRF:0
BRH:0
end_of_record
TN:
SF:/home/web/WebstormProjects/tecdoc-api/lib/mixins/meta.js
FN:16,(anonymous_0)
FN:26,(anonymous_1)
FN:45,(anonymous_2)
FN:65,(anonymous_3)
FN:85,(anonymous_4)
FN:105,(anonymous_5)
FNF:6
FNH:6
FNDA:5,(anonymous_0)
FNDA:1,(anonymous_1)
FNDA:1,(anonymous_2)
FNDA:1,(anonymous_3)
FNDA:1,(anonymous_4)
FNDA:1,(anonymous_5)
DA:17,5
DA:28,1
DA:34,1
DA:35,1
DA:36,1
DA:47,1
DA:53,1
DA:54,1
DA:55,1
DA:67,1
DA:74,1
DA:75,1
DA:76,1
DA:87,1
DA:94,1
DA:95,1
DA:96,1
DA:107,1
DA:114,1
DA:115,1
DA:116,1
DA:124,1
LF:22
LH:22
BRF:0
BRH:0
end_of_record
